\BOOKMARK [-1][]{part.1}{\376\377\000M\036\336\000\040\001\020\036\246\000U}{}% 1
\BOOKMARK [0][]{chapter.1}{\376\377\000B\000\340\000i\000\040\0001\000.\000\040\000K\000h\000\341\000i\000\040\000q\000u\000\341\000t\000\040\000v\036\301\000\040\000m\000\364\000n\000\040\000v\036\255\000t\000\040\000l\000\355}{part.1}% 2
\BOOKMARK [1][]{section.1.1}{\376\377\000M\036\344\000C\000\040\000T\000I\000\312\000U\000\040\000D\036\240\000Y\000\040\000H\036\314\000C}{chapter.1}% 3
\BOOKMARK [1][]{section.1.2}{\376\377\000T\000H\000I\036\276\000T\000\040\000B\036\312\000\040\000D\036\240\000Y\000\040\000H\036\314\000C\000\040\000V\000\300\000\040\000H\036\314\000C\000\040\000L\000I\036\306\000U}{chapter.1}% 4
\BOOKMARK [1][]{section.1.3}{\376\377\000T\000I\036\276\000N\000\040\000T\000R\000\314\000N\000H\000\040\000D\036\240\000Y\000\040\000H\036\314\000C}{chapter.1}% 5
\BOOKMARK [1][]{section.1.4}{\376\377\000H\036\322\000\040\000S\001\240\000\040\000D\036\240\000Y\000\040\000H\036\314\000C}{chapter.1}% 6
\BOOKMARK [0][]{chapter.2}{\376\377\000B\000\340\000i\000\040\0002\000.\000\040\000V\036\245\000n\000\040\001\021\036\301\000\040\000a\000n\000\040\000t\000o\000\340\000n\000\040\000t\000r\000o\000n\000g\000\040\000v\036\255\000t\000\040\000l\000\355}{part.1}% 7
\BOOKMARK [1][]{section.2.1}{\376\377\000M\036\344\000C\000\040\000T\000I\000\312\000U\000\040\000D\036\240\000Y\000\040\000H\036\314\000C}{chapter.2}% 8
\BOOKMARK [1][]{section.2.2}{\376\377\000T\000H\000I\036\276\000T\000\040\000B\036\312\000\040\000D\036\240\000Y\000\040\000H\036\314\000C\000\040\000V\000\300\000\040\000H\036\314\000C\000\040\000L\000I\036\306\000U}{chapter.2}% 9
\BOOKMARK [1][]{section.2.3}{\376\377\000T\000I\036\276\000N\000\040\000T\000R\000\314\000N\000H\000\040\000D\036\240\000Y\000\040\000H\036\314\000C}{chapter.2}% 10
\BOOKMARK [1][]{section.2.4}{\376\377\000H\036\322\000\040\000S\001\240\000\040\000D\036\240\000Y\000\040\000H\036\314\000C}{chapter.2}% 11
\BOOKMARK [0][]{chapter.3}{\376\377\000B\000\340\000i\000\040\0003\000.\000\040\001\020\001\241\000n\000\040\000v\036\313\000\040\000v\000\340\000\040\000s\000a\000i\000\040\000s\036\321\000\040\000t\000r\000o\000n\000g\000\040\000v\036\255\000t\000\040\000l\000\355}{part.1}% 12
\BOOKMARK [1][]{section.3.1}{\376\377\000M\036\344\000C\000\040\000T\000I\000\312\000U\000\040\000D\036\240\000Y\000\040\000H\036\314\000C}{chapter.3}% 13
\BOOKMARK [1][]{section.3.2}{\376\377\000T\000H\000I\036\276\000T\000\040\000B\036\312\000\040\000D\036\240\000Y\000\040\000H\036\314\000C\000\040\000V\000\300\000\040\000H\036\314\000C\000\040\000L\000I\036\306\000U}{chapter.3}% 14
\BOOKMARK [1][]{section.3.3}{\376\377\000T\000I\036\276\000N\000\040\000T\000R\000\314\000N\000H\000\040\000D\036\240\000Y\000\040\000H\036\314\000C}{chapter.3}% 15
\BOOKMARK [1][]{section.3.4}{\376\377\000H\036\322\000\040\000S\001\240\000\040\000D\036\240\000Y\000\040\000H\036\314\000C}{chapter.3}% 16
\BOOKMARK [-1][]{part.2}{\376\377\000M\000\324\000\040\000T\036\242\000\040\000C\000H\000U\000Y\036\302\000N\000\040\001\020\036\330\000N\000G}{}% 17
\BOOKMARK [0][]{chapter.4}{\376\377\000B\000\340\000i\000\040\0004\000.\000\040\000C\000h\000u\000y\036\303\000n\000\040\001\021\036\331\000n\000g\000\040\000t\000h\036\263\000n\000g}{part.2}% 18
\BOOKMARK [1][]{section.4.1}{\376\377\000M\036\344\000C\000\040\000T\000I\000\312\000U\000\040\000D\036\240\000Y\000\040\000H\036\314\000C}{chapter.4}% 19
\BOOKMARK [1][]{section.4.2}{\376\377\000T\000H\000I\036\276\000T\000\040\000B\036\312\000\040\000D\036\240\000Y\000\040\000H\036\314\000C\000\040\000V\000\300\000\040\000H\036\314\000C\000\040\000L\000I\036\306\000U}{chapter.4}% 20
\BOOKMARK [1][]{section.4.3}{\376\377\000T\000I\036\276\000N\000\040\000T\000R\000\314\000N\000H\000\040\000D\036\240\000Y\000\040\000H\036\314\000C}{chapter.4}% 21
\BOOKMARK [1][]{section.4.4}{\376\377\000H\036\322\000\040\000S\001\240\000\040\000D\036\240\000Y\000\040\000H\036\314\000C}{chapter.4}% 22
\BOOKMARK [0][]{chapter.5}{\376\377\000B\000\340\000i\000\040\0005\000.\000\040\000C\000h\000u\000y\036\303\000n\000\040\001\021\036\331\000n\000g\000\040\000t\036\325\000n\000g\000\040\000h\036\343\000p}{part.2}% 23
\BOOKMARK [1][]{section.5.1}{\376\377\000M\036\344\000C\000\040\000T\000I\000\312\000U\000\040\000D\036\240\000Y\000\040\000H\036\314\000C}{chapter.5}% 24
\BOOKMARK [1][]{section.5.2}{\376\377\000T\000H\000I\036\276\000T\000\040\000B\036\312\000\040\000D\036\240\000Y\000\040\000H\036\314\000C\000\040\000V\000\300\000\040\000H\036\314\000C\000\040\000L\000I\036\306\000U}{chapter.5}% 25
\BOOKMARK [1][]{section.5.3}{\376\377\000T\000I\036\276\000N\000\040\000T\000R\000\314\000N\000H\000\040\000D\036\240\000Y\000\040\000H\036\314\000C}{chapter.5}% 26
\BOOKMARK [1][]{section.5.4}{\376\377\000H\036\322\000\040\000S\001\240\000\040\000D\036\240\000Y\000\040\000H\036\314\000C}{chapter.5}% 27
\BOOKMARK [0][]{chapter.6}{\376\377\000B\000\340\000i\000\040\0006\000.\000\040\000T\000h\036\361\000c\000\040\000h\000\340\000n\000h\000\040\001\021\000o\000\040\000t\036\321\000c\000\040\001\021\036\331\000\040\000c\036\347\000a\000\040\000v\036\255\000t\000\040\000c\000h\000u\000y\036\303\000n\000\040\001\021\036\331\000n\000g\000\040\000t\000h\036\263\000n\000g}{part.2}% 28
\BOOKMARK [1][]{section.6.1}{\376\377\000M\036\344\000C\000\040\000T\000I\000\312\000U\000\040\000D\036\240\000Y\000\040\000H\036\314\000C}{chapter.6}% 29
\BOOKMARK [1][]{section.6.2}{\376\377\000T\000H\000I\036\276\000T\000\040\000B\036\312\000\040\000D\036\240\000Y\000\040\000H\036\314\000C\000\040\000V\000\300\000\040\000H\036\314\000C\000\040\000L\000I\036\306\000U}{chapter.6}% 30
\BOOKMARK [1][]{section.6.3}{\376\377\000T\000I\036\276\000N\000\040\000T\000R\000\314\000N\000H\000\040\000D\036\240\000Y\000\040\000H\036\314\000C}{chapter.6}% 31
\BOOKMARK [1][]{section.6.4}{\376\377\000H\036\322\000\040\000S\001\240\000\040\000D\036\240\000Y\000\040\000H\036\314\000C}{chapter.6}% 32
\BOOKMARK [1][]{section.6.1}{\376\377\000M\036\344\000C\000\040\001\020\000\315\000C\000H\000\040\000T\000H\000\315\000\040\000N\000G\000H\000I\036\306\000M}{chapter.6}% 33
\BOOKMARK [1][]{section.6.2}{\376\377\000C\001\240\000\040\000S\036\336\000\040\000L\000\315\000\040\000T\000H\000U\000Y\036\276\000T}{chapter.6}% 34
\BOOKMARK [1][]{section.6.3}{\376\377\000T\000I\036\276\000N\000\040\000H\000\300\000N\000H\000\040\000T\000H\000\315\000\040\000N\000G\000H\000I\036\306\000M}{chapter.6}% 35
\BOOKMARK [1][]{section.6.4}{\376\377\000K\036\276\000T\000\040\000Q\000U\036\242\000\040\000T\000H\000\315\000\040\000N\000G\000H\000I\036\306\000M}{chapter.6}% 36
\BOOKMARK [1][]{section.6.5}{\376\377\000K\036\276\000T\000\040\000L\000U\036\254\000N\000\040\000V\000\300\000\040\000N\000H\036\254\000N\000\040\000X\000\311\000T}{chapter.6}% 37
\BOOKMARK [-1][]{part.3}{\376\377\000C\000H\000U\000Y\036\302\000N\000\040\001\020\036\330\000N\000G\000\040\000B\000I\036\276\000N\000\040\001\020\036\324\000I}{}% 38
\BOOKMARK [0][]{chapter.7}{\376\377\000B\000\340\000i\000\040\0007\000.\000\040\000G\000i\000a\000\040\000t\036\321\000c\000\040\000-\000\040\000C\000h\000u\000y\036\303\000n\000\040\001\021\036\331\000n\000g\000\040\000t\000h\036\263\000n\000g\000\040\000b\000i\036\277\000n\000\040\001\021\036\325\000i\000\040\001\021\036\301\000u\000\040}{part.3}% 39
\BOOKMARK [1][]{section.7.1}{\376\377\000M\036\344\000C\000\040\000T\000I\000\312\000U\000\040\000D\036\240\000Y\000\040\000H\036\314\000C}{chapter.7}% 40
\BOOKMARK [1][]{section.7.2}{\376\377\000T\000H\000I\036\276\000T\000\040\000B\036\312\000\040\000D\036\240\000Y\000\040\000H\036\314\000C\000\040\000V\000\300\000\040\000H\036\314\000C\000\040\000L\000I\036\306\000U}{chapter.7}% 41
\BOOKMARK [1][]{section.7.3}{\376\377\000T\000I\036\276\000N\000\040\000T\000R\000\314\000N\000H\000\040\000D\036\240\000Y\000\040\000H\036\314\000C}{chapter.7}% 42
\BOOKMARK [1][]{section.7.4}{\376\377\000H\036\322\000\040\000S\001\240\000\040\000D\036\240\000Y\000\040\000H\036\314\000C}{chapter.7}% 43
\BOOKMARK [0][]{chapter.8}{\376\377\000B\000\340\000i\000\040\0008\000.\000\040\000T\000h\036\361\000c\000\040\000h\000\340\000n\000h\000\040\001\021\000o\000\040\000g\000i\000a\000\040\000t\036\321\000c\000\040\000r\001\241\000i\000\040\000t\036\361\000\040\000d\000o}{part.3}% 44
\BOOKMARK [1][]{section.8.1}{\376\377\000M\036\344\000C\000\040\000T\000I\000\312\000U\000\040\000D\036\240\000Y\000\040\000H\036\314\000C}{chapter.8}% 45
\BOOKMARK [1][]{section.8.2}{\376\377\000T\000H\000I\036\276\000T\000\040\000B\036\312\000\040\000D\036\240\000Y\000\040\000H\036\314\000C\000\040\000V\000\300\000\040\000H\036\314\000C\000\040\000L\000I\036\306\000U}{chapter.8}% 46
\BOOKMARK [1][]{section.8.3}{\376\377\000T\000I\036\276\000N\000\040\000T\000R\000\314\000N\000H\000\040\000D\036\240\000Y\000\040\000H\036\314\000C}{chapter.8}% 47
\BOOKMARK [1][]{section.8.4}{\376\377\000H\036\322\000\040\000S\001\240\000\040\000D\036\240\000Y\000\040\000H\036\314\000C}{chapter.8}% 48
\BOOKMARK [1][]{section.8.1}{\376\377\000M\036\344\000C\000\040\001\020\000\315\000C\000H\000\040\000T\000H\000\315\000\040\000N\000G\000H\000I\036\306\000M}{chapter.8}% 49
\BOOKMARK [1][]{section.8.2}{\376\377\000C\001\240\000\040\000S\036\336\000\040\000L\000\315\000\040\000T\000H\000U\000Y\036\276\000T}{chapter.8}% 50
\BOOKMARK [1][]{section.8.3}{\376\377\000T\000I\036\276\000N\000\040\000H\000\300\000N\000H\000\040\000T\000H\000\315\000\040\000N\000G\000H\000I\036\306\000M}{chapter.8}% 51
\BOOKMARK [1][]{section.8.4}{\376\377\000K\036\276\000T\000\040\000Q\000U\036\242\000\040\000T\000H\000\315\000\040\000N\000G\000H\000I\036\306\000M}{chapter.8}% 52
\BOOKMARK [1][]{section.8.5}{\376\377\000K\036\276\000T\000\040\000L\000U\036\254\000N\000\040\000V\000\300\000\040\000N\000H\036\254\000N\000\040\000X\000\311\000T}{chapter.8}% 53
\BOOKMARK [-1][]{part.4}{\376\377\000B\000A\000\040\001\020\036\312\000N\000H\000\040\000L\000U\036\254\000T\000\040\000N\000E\000W\000T\000O\000N\000\040\000-\000\040\000M\036\330\000T\000\040\000S\036\320\000\040\000L\036\360\000C\000\040\000T\000R\000O\000N\000G\000\040\000T\000H\036\360\000C\000\040\000T\000I\036\304\000N}{}% 54
\BOOKMARK [0][]{chapter.9}{\376\377\000B\000\340\000i\000\040\0009\000.\000\040\000T\036\325\000n\000g\000\040\000h\036\343\000p\000\040\000l\036\361\000c\000\040\000-\000\040\000P\000h\000\342\000n\000\040\000t\000\355\000c\000h\000\040\000l\036\361\000c}{part.4}% 55
\BOOKMARK [1][]{section.9.1}{\376\377\000M\036\344\000C\000\040\000T\000I\000\312\000U\000\040\000D\036\240\000Y\000\040\000H\036\314\000C}{chapter.9}% 56
\BOOKMARK [1][]{section.9.2}{\376\377\000T\000H\000I\036\276\000T\000\040\000B\036\312\000\040\000D\036\240\000Y\000\040\000H\036\314\000C\000\040\000V\000\300\000\040\000H\036\314\000C\000\040\000L\000I\036\306\000U}{chapter.9}% 57
\BOOKMARK [1][]{section.9.3}{\376\377\000T\000I\036\276\000N\000\040\000T\000R\000\314\000N\000H\000\040\000D\036\240\000Y\000\040\000H\036\314\000C}{chapter.9}% 58
\BOOKMARK [1][]{section.9.4}{\376\377\000H\036\322\000\040\000S\001\240\000\040\000D\036\240\000Y\000\040\000H\036\314\000C}{chapter.9}% 59
\BOOKMARK [0][]{chapter.10}{\376\377\000B\000\340\000i\000\040\0001\0000\000.\000\040\000B\000a\000\040\001\021\036\313\000n\000h\000\040\000l\000u\036\255\000t\000\040\000N\000e\000w\000t\000o\000n\000\040\000v\036\301\000\040\000c\000h\000u\000y\036\303\000n\000\040\001\021\036\331\000n\000g}{part.4}% 60
\BOOKMARK [1][]{section.10.1}{\376\377\000M\036\344\000C\000\040\000T\000I\000\312\000U\000\040\000D\036\240\000Y\000\040\000H\036\314\000C}{chapter.10}% 61
\BOOKMARK [1][]{section.10.2}{\376\377\000T\000H\000I\036\276\000T\000\040\000B\036\312\000\040\000D\036\240\000Y\000\040\000H\036\314\000C\000\040\000V\000\300\000\040\000H\036\314\000C\000\040\000L\000I\036\306\000U}{chapter.10}% 62
\BOOKMARK [1][]{section.10.3}{\376\377\000T\000I\036\276\000N\000\040\000T\000R\000\314\000N\000H\000\040\000D\036\240\000Y\000\040\000H\036\314\000C}{chapter.10}% 63
\BOOKMARK [1][]{section.10.4}{\376\377\000H\036\322\000\040\000S\001\240\000\040\000D\036\240\000Y\000\040\000H\036\314\000C}{chapter.10}% 64
\BOOKMARK [0][]{chapter.11}{\376\377\000B\000\340\000i\000\040\0001\0001\000.\000\040\000M\036\331\000t\000\040\000s\036\321\000\040\000l\036\361\000c\000\040\000t\000r\000o\000n\000g\000\040\000t\000h\036\361\000c\000\040\000t\000i\036\305\000n}{part.4}% 65
\BOOKMARK [1][]{section.11.1}{\376\377\000M\036\344\000C\000\040\000T\000I\000\312\000U\000\040\000D\036\240\000Y\000\040\000H\036\314\000C}{chapter.11}% 66
\BOOKMARK [1][]{section.11.2}{\376\377\000T\000H\000I\036\276\000T\000\040\000B\036\312\000\040\000D\036\240\000Y\000\040\000H\036\314\000C\000\040\000V\000\300\000\040\000H\036\314\000C\000\040\000L\000I\036\306\000U}{chapter.11}% 67
\BOOKMARK [1][]{section.11.3}{\376\377\000T\000I\036\276\000N\000\040\000T\000R\000\314\000N\000H\000\040\000D\036\240\000Y\000\040\000H\036\314\000C}{chapter.11}% 68
\BOOKMARK [1][]{section.11.4}{\376\377\000H\036\322\000\040\000S\001\240\000\040\000D\036\240\000Y\000\040\000H\036\314\000C}{chapter.11}% 69
\BOOKMARK [0][]{chapter.12}{\376\377\000B\000\340\000i\000\040\0001\0002\000.\000\040\000C\000h\000u\000y\036\303\000n\000\040\001\021\036\331\000n\000g\000\040\000n\000\351\000m}{part.4}% 70
\BOOKMARK [1][]{section.12.1}{\376\377\000M\036\344\000C\000\040\000T\000I\000\312\000U\000\040\000D\036\240\000Y\000\040\000H\036\314\000C}{chapter.12}% 71
\BOOKMARK [1][]{section.12.2}{\376\377\000T\000H\000I\036\276\000T\000\040\000B\036\312\000\040\000D\036\240\000Y\000\040\000H\036\314\000C\000\040\000V\000\300\000\040\000H\036\314\000C\000\040\000L\000I\036\306\000U}{chapter.12}% 72
\BOOKMARK [1][]{section.12.3}{\376\377\000T\000I\036\276\000N\000\040\000T\000R\000\314\000N\000H\000\040\000D\036\240\000Y\000\040\000H\036\314\000C}{chapter.12}% 73
\BOOKMARK [1][]{section.12.4}{\376\377\000H\036\322\000\040\000S\001\240\000\040\000D\036\240\000Y\000\040\000H\036\314\000C}{chapter.12}% 74
\BOOKMARK [-1][]{part.0}{\376\377\000C\000\301\000C\000\040\001\020\036\300\000\040\000\324\000N\000\040\000T\036\254\000P}{}% 75
\BOOKMARK [0][]{section.12.1}{\376\377\000C\000\342\000u\000\040\000t\000r\036\257\000c\000\040\000n\000g\000h\000i\036\307\000m\000\040\000n\000h\000i\036\301\000u\000\040\000p\000h\001\260\001\241\000n\000g\000\040\000\341\000n\000\040\000l\036\361\000a\000\040\000c\000h\036\315\000n}{part.0}% 76
\BOOKMARK [1][]{section.12.2}{\376\377\000C\000\342\000u\000\040\000t\000r\036\257\000c\000\040\000n\000g\000h\000i\036\307\000m\000\040\001\021\000\372\000n\000g\000/\000s\000a\000i}{section.12.1}% 77
\BOOKMARK [1][]{section.12.3}{\376\377\000C\000\342\000u\000\040\000t\000r\036\257\000c\000\040\000n\000g\000h\000i\036\307\000m\000\040\000t\000r\036\243\000\040\000l\036\335\000i\000\040\000n\000g\036\257\000n}{section.12.1}% 78
\BOOKMARK [1][]{section*.2}{}{section.12.1}% 79
\BOOKMARK [1][]{section.12.2}{}{section.12.1}% 80
\BOOKMARK [1][]{section.12.3}{}{section.12.1}% 81
\BOOKMARK [1][]{section*.3}{\376\377\000C\000\342\000u\000\040\000t\000r\036\257\000c\000\040\000n\000g\000h\000i\036\307\000m\000\040\000n\000h\000i\036\301\000u\000\040\000p\000h\001\260\001\241\000n\000g\000\040\000\341\000n\000\040\000l\036\361\000a\000\040\000c\000h\036\315\000n}{section.12.1}% 82
\BOOKMARK [1][]{section.12.2}{\376\377\000C\000\342\000u\000\040\000t\000r\036\257\000c\000\040\000n\000g\000h\000i\036\307\000m\000\040\001\021\000\372\000n\000g\000/\000s\000a\000i}{section.12.1}% 83
\BOOKMARK [1][]{section.12.3}{\376\377\000C\000\342\000u\000\040\000t\000r\036\257\000c\000\040\000n\000g\000h\000i\036\307\000m\000\040\000t\000r\036\243\000\040\000l\036\335\000i\000\040\000n\000g\036\257\000n}{section.12.1}% 84
\BOOKMARK [1][]{section*.4}{}{section.12.1}% 85
\BOOKMARK [1][]{section.12.2}{}{section.12.1}% 86
\BOOKMARK [1][]{section.12.3}{}{section.12.1}% 87
\BOOKMARK [1][]{section*.5}{\376\377\000C\000\342\000u\000\040\000t\000r\036\257\000c\000\040\000n\000g\000h\000i\036\307\000m\000\040\000n\000h\000i\036\301\000u\000\040\000p\000h\001\260\001\241\000n\000g\000\040\000\341\000n\000\040\000l\036\361\000a\000\040\000c\000h\036\315\000n}{section.12.1}% 88
\BOOKMARK [1][]{section.12.2}{\376\377\000C\000\342\000u\000\040\000t\000r\036\257\000c\000\040\000n\000g\000h\000i\036\307\000m\000\040\001\021\000\372\000n\000g\000/\000s\000a\000i}{section.12.1}% 89
\BOOKMARK [1][]{section.12.3}{\376\377\000C\000\342\000u\000\040\000t\000r\036\257\000c\000\040\000n\000g\000h\000i\036\307\000m\000\040\000t\000r\036\243\000\040\000l\036\335\000i\000\040\000n\000g\036\257\000n}{section.12.1}% 90
\BOOKMARK [1][]{section*.6}{}{section.12.1}% 91
\BOOKMARK [1][]{section.12.2}{}{section.12.1}% 92
\BOOKMARK [1][]{section.12.3}{}{section.12.1}% 93
\BOOKMARK [1][]{section*.7}{\376\377\000C\000\342\000u\000\040\000t\000r\036\257\000c\000\040\000n\000g\000h\000i\036\307\000m\000\040\000n\000h\000i\036\301\000u\000\040\000p\000h\001\260\001\241\000n\000g\000\040\000\341\000n\000\040\000l\036\361\000a\000\040\000c\000h\036\315\000n}{section.12.1}% 94
\BOOKMARK [1][]{section.12.2}{\376\377\000C\000\342\000u\000\040\000t\000r\036\257\000c\000\040\000n\000g\000h\000i\036\307\000m\000\040\001\021\000\372\000n\000g\000/\000s\000a\000i}{section.12.1}% 95
\BOOKMARK [1][]{section.12.3}{\376\377\000C\000\342\000u\000\040\000t\000r\036\257\000c\000\040\000n\000g\000h\000i\036\307\000m\000\040\000t\000r\036\243\000\040\000l\036\335\000i\000\040\000n\000g\036\257\000n}{section.12.1}% 96
\BOOKMARK [1][]{section*.8}{}{section.12.1}% 97
\BOOKMARK [1][]{section.12.2}{}{section.12.1}% 98
\BOOKMARK [1][]{section.12.3}{}{section.12.1}% 99
\BOOKMARK [1][]{section*.9}{\376\377\000C\000\342\000u\000\040\000t\000r\036\257\000c\000\040\000n\000g\000h\000i\036\307\000m\000\040\000n\000h\000i\036\301\000u\000\040\000p\000h\001\260\001\241\000n\000g\000\040\000\341\000n\000\040\000l\036\361\000a\000\040\000c\000h\036\315\000n}{section.12.1}% 100
\BOOKMARK [1][]{section.12.2}{\376\377\000C\000\342\000u\000\040\000t\000r\036\257\000c\000\040\000n\000g\000h\000i\036\307\000m\000\040\001\021\000\372\000n\000g\000/\000s\000a\000i}{section.12.1}% 101
\BOOKMARK [1][]{section.12.3}{\376\377\000C\000\342\000u\000\040\000t\000r\036\257\000c\000\040\000n\000g\000h\000i\036\307\000m\000\040\000t\000r\036\243\000\040\000l\036\335\000i\000\040\000n\000g\036\257\000n}{section.12.1}% 102
\BOOKMARK [1][]{section*.10}{}{section.12.1}% 103
\BOOKMARK [1][]{section.12.2}{}{section.12.1}% 104
\BOOKMARK [1][]{section.12.3}{}{section.12.1}% 105
\BOOKMARK [1][]{section*.11}{\376\377\000C\000\342\000u\000\040\000t\000r\036\257\000c\000\040\000n\000g\000h\000i\036\307\000m\000\040\000n\000h\000i\036\301\000u\000\040\000p\000h\001\260\001\241\000n\000g\000\040\000\341\000n\000\040\000l\036\361\000a\000\040\000c\000h\036\315\000n}{section.12.1}% 106
\BOOKMARK [1][]{section.12.2}{\376\377\000C\000\342\000u\000\040\000t\000r\036\257\000c\000\040\000n\000g\000h\000i\036\307\000m\000\040\001\021\000\372\000n\000g\000/\000s\000a\000i}{section.12.1}% 107
\BOOKMARK [1][]{section.12.3}{\376\377\000C\000\342\000u\000\040\000t\000r\036\257\000c\000\040\000n\000g\000h\000i\036\307\000m\000\040\000t\000r\036\243\000\040\000l\036\335\000i\000\040\000n\000g\036\257\000n}{section.12.1}% 108
\BOOKMARK [1][]{section*.12}{}{section.12.1}% 109
\BOOKMARK [1][]{section.12.2}{}{section.12.1}% 110
\BOOKMARK [1][]{section.12.3}{}{section.12.1}% 111
\BOOKMARK [1][]{section*.13}{\376\377\000C\000\342\000u\000\040\000t\000r\036\257\000c\000\040\000n\000g\000h\000i\036\307\000m\000\040\000n\000h\000i\036\301\000u\000\040\000p\000h\001\260\001\241\000n\000g\000\040\000\341\000n\000\040\000l\036\361\000a\000\040\000c\000h\036\315\000n}{section.12.1}% 112
\BOOKMARK [1][]{section.12.2}{\376\377\000C\000\342\000u\000\040\000t\000r\036\257\000c\000\040\000n\000g\000h\000i\036\307\000m\000\040\001\021\000\372\000n\000g\000/\000s\000a\000i}{section.12.1}% 113
\BOOKMARK [1][]{section.12.3}{\376\377\000C\000\342\000u\000\040\000t\000r\036\257\000c\000\040\000n\000g\000h\000i\036\307\000m\000\040\000t\000r\036\243\000\040\000l\036\335\000i\000\040\000n\000g\036\257\000n}{section.12.1}% 114
\BOOKMARK [1][]{section*.14}{}{section.12.1}% 115
\BOOKMARK [1][]{section.12.2}{}{section.12.1}% 116
\BOOKMARK [1][]{section.12.3}{}{section.12.1}% 117
